<?xml version="1.0" encoding="UTF-8"?>
<testng-results ignored="4" total="7" passed="3" failed="0" skipped="0">
  <reporter-output>
    <line>
      <![CDATA[login successful]]>
    </line>
    <line>
      <![CDATA[<a href="C:\Users\amitn\Downloads\Sample.jpg">Screenshot</a>]]>
    </line>
  </reporter-output>
  <suite started-at="2021-07-26T22:56:50 IST" name="LiveProject1" finished-at="2021-07-26T22:56:55 IST" duration-ms="5006">
    <groups>
    </groups>
    <test started-at="2021-07-26T22:56:50 IST" name="Logintest" finished-at="2021-07-26T22:56:55 IST" duration-ms="5006">
      <class name="com.automation.testcases.Logintest">
        <test-method signature="loginAsBankMngr()[pri:0, instance:com.automation.testcases.Logintest@50029372]" started-at="2021-07-26T22:56:50 IST" name="loginAsBankMngr" finished-at="2021-07-26T22:56:53 IST" duration-ms="3158" status="PASS">
          <reporter-output>
            <line>
              <![CDATA[login successful]]>
            </line>
            <line>
              <![CDATA[<a href="C:\Users\amitn\Downloads\Sample.jpg">Screenshot</a>]]>
            </line>
          </reporter-output>
        </test-method> <!-- loginAsBankMngr -->
      </class> <!-- com.automation.testcases.Logintest -->
      <class name="com.automation.testcases.AddCustomerTest">
        <test-method signature="addCustomer(java.lang.String,java.lang.String,java.lang.String)[pri:0, instance:com.automation.testcases.AddCustomerTest@e3b3b2f]" started-at="2021-07-26T22:56:54 IST" name="addCustomer" data-provider="getData" finished-at="2021-07-26T22:56:55 IST" duration-ms="499" status="PASS">
          <params>
            <param index="0">
              <value>
                <![CDATA[shital ]]>
              </value>
            </param>
            <param index="1">
              <value>
                <![CDATA[c]]>
              </value>
            </param>
            <param index="2">
              <value>
                <![CDATA[hjghg45]]>
              </value>
            </param>
          </params>
          <reporter-output>
          </reporter-output>
        </test-method> <!-- addCustomer -->
        <test-method signature="addCustomer(java.lang.String,java.lang.String,java.lang.String)[pri:0, instance:com.automation.testcases.AddCustomerTest@e3b3b2f]" started-at="2021-07-26T22:56:55 IST" name="addCustomer" data-provider="getData" finished-at="2021-07-26T22:56:55 IST" duration-ms="335" status="PASS">
          <params>
            <param index="0">
              <value>
                <![CDATA[Amit]]>
              </value>
            </param>
            <param index="1">
              <value>
                <![CDATA[n]]>
              </value>
            </param>
            <param index="2">
              <value>
                <![CDATA[jjhy67g5]]>
              </value>
            </param>
          </params>
          <reporter-output>
          </reporter-output>
        </test-method> <!-- addCustomer -->
      </class> <!-- com.automation.testcases.AddCustomerTest -->
      <class name="com.automation.testbase.Testbase">
        <test-method is-config="true" signature="setUp()[pri:0, instance:com.automation.testbase.Testbase@36804139]" started-at="2021-07-26T22:56:47 IST" name="setUp" finished-at="2021-07-26T22:56:50 IST" duration-ms="3325" status="PASS">
          <reporter-output>
          </reporter-output>
        </test-method> <!-- setUp -->
        <test-method is-config="true" signature="tearDown()[pri:0, instance:com.automation.testbase.Testbase@36804139]" started-at="2021-07-26T22:56:55 IST" name="tearDown" finished-at="2021-07-26T22:56:57 IST" duration-ms="1383" status="PASS">
          <reporter-output>
          </reporter-output>
        </test-method> <!-- tearDown -->
      </class> <!-- com.automation.testbase.Testbase -->
    </test> <!-- Logintest -->
  </suite> <!-- LiveProject1 -->
</testng-results>
