<?xml version="1.0" encoding="UTF-8"?>
<!-- Generated by org.testng.reporters.JUnitXMLReporter -->
<testsuite ignored="4" hostname="LAPTOP-Amit" failures="0" tests="3" name="Logintest" time="5.006" errors="0" timestamp="2021-07-26T22:56:55 IST">
  <testcase classname="com.automation.testcases.Logintest" name="loginAsBankMngr" time="3.158"/>
  <testcase classname="com.automation.testcases.AddCustomerTest" name="addCustomer" time="0.499"/>
  <testcase classname="com.automation.testcases.AddCustomerTest" name="addCustomer" time="0.335"/>
  <testcase classname="com.automation.testbase.Testbase" name="@BeforeSuite setUp" time="0.0">
    <ignored/>
  </testcase> <!-- @BeforeSuite setUp -->
  <testcase classname="com.automation.testbase.Testbase" name="@BeforeSuite setUp" time="0.0">
    <ignored/>
  </testcase> <!-- @BeforeSuite setUp -->
  <testcase classname="com.automation.testbase.Testbase" name="@AfterSuite tearDown" time="0.0">
    <ignored/>
  </testcase> <!-- @AfterSuite tearDown -->
  <testcase classname="com.automation.testbase.Testbase" name="@AfterSuite tearDown" time="0.0">
    <ignored/>
  </testcase> <!-- @AfterSuite tearDown -->
</testsuite> <!-- Logintest -->
